<?xml version="1.0" encoding="UTF-8"?>
<testsuite name="polimorfismo.inclusion.PolimorfismoInclusionTest" tests="1" skipped="0" failures="0" errors="0" timestamp="2023-01-18T21:50:09" hostname="EDWINP-MENDEZ" time="0.012">
  <properties/>
  <testcase name="methodTest()" classname="polimorfismo.inclusion.PolimorfismoInclusionTest" time="0.012"/>
  <system-out><![CDATA[]]></system-out>
  <system-err><![CDATA[]]></system-err>
</testsuite>
